<?xml version="1.0" encoding="UTF-8"?>
<robot generator="Robot 7.2 (Python 3.11.12 on darwin)" generated="2026-01-09T15:11:08.130605" rpa="false" schemaversion="5">
<suite id="s1" name="03 Appointment" source="/Users/baptistejaeger/Documents/formation/ECF3/ecf-testeur-medibook/medibook-tests/tests/03_appointment.robot">
<kw name="Open MediBook Browser" owner="common" type="SETUP">
<kw name="Create Chrome Options" owner="common">
<kw name="Evaluate" owner="BuiltIn">
<msg time="2026-01-09T15:11:08.267045" level="INFO">${chrome_options} = &lt;selenium.webdriver.chrome.options.Options object at 0x120d708d0&gt;</msg>
<var>${chrome_options}</var>
<arg>__import__("selenium.webdriver").webdriver.ChromeOptions()</arg>
<arg>selenium.webdriver</arg>
<doc>Evaluates the given expression in Python and returns the result.</doc>
<status status="PASS" start="2026-01-09T15:11:08.266835" elapsed="0.000240"/>
</kw>
<kw name="Run Keyword If" owner="BuiltIn">
<kw name="Call Method" owner="BuiltIn">
<arg>${chrome_options}</arg>
<arg>add_argument</arg>
<arg>--headless</arg>
<doc>Calls the named method of the given object with the provided arguments.</doc>
<status status="PASS" start="2026-01-09T15:11:08.267356" elapsed="0.000112"/>
</kw>
<arg>'${HEADLESS}'=='true'</arg>
<arg>Call Method</arg>
<arg>${chrome_options}</arg>
<arg>add_argument</arg>
<arg>--headless</arg>
<doc>Runs the given keyword with the given arguments, if ``condition`` is true.</doc>
<status status="PASS" start="2026-01-09T15:11:08.267189" elapsed="0.000334"/>
</kw>
<kw name="Call Method" owner="BuiltIn">
<arg>${chrome_options}</arg>
<arg>add_argument</arg>
<arg>--no-sandbox</arg>
<doc>Calls the named method of the given object with the provided arguments.</doc>
<status status="PASS" start="2026-01-09T15:11:08.267606" elapsed="0.000093"/>
</kw>
<kw name="Call Method" owner="BuiltIn">
<arg>${chrome_options}</arg>
<arg>add_argument</arg>
<arg>--disable-dev-shm-usage</arg>
<doc>Calls the named method of the given object with the provided arguments.</doc>
<status status="PASS" start="2026-01-09T15:11:08.267771" elapsed="0.000083"/>
</kw>
<return>
<value>${chrome_options}</value>
<status status="PASS" start="2026-01-09T15:11:08.267897" elapsed="0.000046"/>
</return>
<msg time="2026-01-09T15:11:08.268033" level="INFO">${options} = &lt;selenium.webdriver.chrome.options.Options object at 0x120d708d0&gt;</msg>
<var>${options}</var>
<status status="PASS" start="2026-01-09T15:11:08.266342" elapsed="0.001711"/>
</kw>
<kw name="Open Browser" owner="SeleniumLibrary">
<msg time="2026-01-09T15:11:08.268463" level="INFO">Opening browser 'chrome' to base url 'about:blank'.</msg>
<arg>about:blank</arg>
<arg>${BROWSER}</arg>
<arg>options=${options}</arg>
<doc>Opens a new browser instance to the optional ``url``.</doc>
<status status="PASS" start="2026-01-09T15:11:08.268160" elapsed="1.868587"/>
</kw>
<kw name="Set Selenium Timeout" owner="SeleniumLibrary">
<arg>${TIMEOUT}</arg>
<doc>Sets the timeout that is used by various keywords.</doc>
<status status="PASS" start="2026-01-09T15:11:10.137383" elapsed="0.001091"/>
</kw>
<kw name="Set Window Size" owner="SeleniumLibrary">
<arg>1400</arg>
<arg>900</arg>
<doc>Sets current windows size to given ``width`` and ``height``.</doc>
<status status="PASS" start="2026-01-09T15:11:10.138584" elapsed="0.019550"/>
</kw>
<kw name="Go To Path" owner="common">
<kw name="Go To" owner="SeleniumLibrary">
<msg time="2026-01-09T15:11:10.158799" level="INFO">Opening url 'http://localhost:3000/'</msg>
<arg>${BASE_URL}${path}</arg>
<doc>Navigates the current browser window to the provided ``url``.</doc>
<status status="PASS" start="2026-01-09T15:11:10.158660" elapsed="0.860639"/>
</kw>
<kw name="Wait Until Page Contains Element" owner="SeleniumLibrary">
<arg>xpath=//body</arg>
<arg>${TIMEOUT}</arg>
<doc>Waits until the element ``locator`` appears on the current page.</doc>
<status status="PASS" start="2026-01-09T15:11:11.019686" elapsed="0.014802"/>
</kw>
<arg>/</arg>
<status status="PASS" start="2026-01-09T15:11:10.158376" elapsed="0.876222"/>
</kw>
<kw name="Reset Browser State" owner="common">
<kw name="Delete All Cookies" owner="SeleniumLibrary">
<doc>Deletes all cookies.</doc>
<status status="PASS" start="2026-01-09T15:11:11.035028" elapsed="0.008804"/>
</kw>
<kw name="Execute Javascript" owner="SeleniumLibrary">
<msg time="2026-01-09T15:11:11.044346" level="INFO">Executing JavaScript:
window.localStorage.clear();
Without any arguments.</msg>
<arg>window.localStorage.clear();</arg>
<doc>Executes the given JavaScript code with possible arguments.</doc>
<status status="PASS" start="2026-01-09T15:11:11.043983" elapsed="0.004047"/>
</kw>
<kw name="Execute Javascript" owner="SeleniumLibrary">
<msg time="2026-01-09T15:11:11.049356" level="INFO">Executing JavaScript:
window.sessionStorage.clear();
Without any arguments.</msg>
<arg>window.sessionStorage.clear();</arg>
<doc>Executes the given JavaScript code with possible arguments.</doc>
<status status="PASS" start="2026-01-09T15:11:11.048451" elapsed="0.008432"/>
</kw>
<kw name="Reload Page" owner="SeleniumLibrary">
<doc>Simulates user reloading page.</doc>
<status status="PASS" start="2026-01-09T15:11:11.057096" elapsed="0.060862"/>
</kw>
<doc>Supprime cookies + local/session storage pour éviter d'être déjà connecté.</doc>
<status status="PASS" start="2026-01-09T15:11:11.034781" elapsed="0.083269"/>
</kw>
<status status="PASS" start="2026-01-09T15:11:08.266114" elapsed="2.852001"/>
</kw>
<test id="s1-t1" name="Réservation d'un créneau" line="12">
<kw name="Open Login Page" owner="login">
<kw name="Go To Path" owner="common">
<kw name="Go To" owner="SeleniumLibrary">
<msg time="2026-01-09T15:11:11.120884" level="INFO">Opening url 'http://localhost:3000/login'</msg>
<arg>${BASE_URL}${path}</arg>
<doc>Navigates the current browser window to the provided ``url``.</doc>
<status status="PASS" start="2026-01-09T15:11:11.120721" elapsed="0.052444"/>
</kw>
<kw name="Wait Until Page Contains Element" owner="SeleniumLibrary">
<arg>xpath=//body</arg>
<arg>${TIMEOUT}</arg>
<doc>Waits until the element ``locator`` appears on the current page.</doc>
<status status="PASS" start="2026-01-09T15:11:11.173380" elapsed="0.005504"/>
</kw>
<arg>/login</arg>
<status status="PASS" start="2026-01-09T15:11:11.120321" elapsed="0.058652"/>
</kw>
<kw name="Wait Until Page Contains" owner="SeleniumLibrary">
<arg>Connexion</arg>
<arg>${TIMEOUT}</arg>
<doc>Waits until ``text`` appears on the current page.</doc>
<status status="PASS" start="2026-01-09T15:11:11.179081" elapsed="0.009815"/>
</kw>
<status status="PASS" start="2026-01-09T15:11:11.119734" elapsed="0.069250"/>
</kw>
<kw name="Login As Patient" owner="login">
<kw name="Input Text" owner="SeleniumLibrary">
<msg time="2026-01-09T15:11:11.189656" level="INFO">Typing text 'jean.dupont@email.com' into text field 'id:email'.</msg>
<arg>id:email</arg>
<arg>${email}</arg>
<doc>Types the given ``text`` into the text field identified by ``locator``.</doc>
<status status="PASS" start="2026-01-09T15:11:11.189507" elapsed="0.185555"/>
</kw>
<kw name="Input Password" owner="SeleniumLibrary">
<msg time="2026-01-09T15:11:11.375465" level="INFO">Typing password into text field 'id:password'.</msg>
<msg time="2026-01-09T15:11:11.397048" level="INFO">Temporally setting log level to: NONE</msg>
<arg>id:password</arg>
<arg>${password}</arg>
<doc>Types the given password into the text field identified by ``locator``.</doc>
<status status="PASS" start="2026-01-09T15:11:11.375250" elapsed="0.130034"/>
</kw>
<kw name="Click Button Contains Text" owner="common">
<kw name="Set Variable" owner="BuiltIn">
<msg time="2026-01-09T15:11:11.505854" level="INFO">${btn} = xpath=//button[contains(normalize-space(.), "Se connecter")]</msg>
<var>${btn}</var>
<arg>xpath=//button[contains(normalize-space(.), "${text}")]</arg>
<doc>Returns the given values which can then be assigned to a variables.</doc>
<status status="PASS" start="2026-01-09T15:11:11.505709" elapsed="0.000168"/>
</kw>
<kw name="Wait Until Element Is Visible" owner="SeleniumLibrary">
<arg>${btn}</arg>
<arg>${TIMEOUT}</arg>
<doc>Waits until the element ``locator`` is visible.</doc>
<status status="PASS" start="2026-01-09T15:11:11.505957" elapsed="0.017260"/>
</kw>
<kw name="Scroll Element Into View" owner="SeleniumLibrary">
<arg>${btn}</arg>
<doc>Scrolls the element identified by ``locator`` into view.</doc>
<status status="PASS" start="2026-01-09T15:11:11.523457" elapsed="0.286012"/>
</kw>
<kw name="Wait Until Keyword Succeeds" owner="BuiltIn">
<kw name="Element Should Be Enabled" owner="SeleniumLibrary">
<arg>${btn}</arg>
<doc>Verifies that element identified by ``locator`` is enabled.</doc>
<status status="PASS" start="2026-01-09T15:11:11.810929" elapsed="0.029259"/>
</kw>
<arg>10x</arg>
<arg>300ms</arg>
<arg>Element Should Be Enabled</arg>
<arg>${btn}</arg>
<doc>Runs the specified keyword and retries if it fails.</doc>
<status status="PASS" start="2026-01-09T15:11:11.810139" elapsed="0.030168"/>
</kw>
<kw name="Run Keyword And Ignore Error" owner="BuiltIn">
<kw name="Click Element" owner="SeleniumLibrary">
<msg time="2026-01-09T15:11:11.840897" level="INFO">Clicking element 'xpath=//button[contains(normalize-space(.), "Se connecter")]'.</msg>
<arg>${btn}</arg>
<doc>Click the element identified by ``locator``.</doc>
<status status="PASS" start="2026-01-09T15:11:11.840699" elapsed="0.055168"/>
</kw>
<msg time="2026-01-09T15:11:11.895997" level="INFO">${status} = PASS</msg>
<msg time="2026-01-09T15:11:11.896031" level="INFO">${msg} = None</msg>
<var>${status}</var>
<var>${msg}</var>
<arg>Click Element</arg>
<arg>${btn}</arg>
<doc>Runs the given keyword with the given arguments and ignores possible error.</doc>
<status status="PASS" start="2026-01-09T15:11:11.840495" elapsed="0.055554"/>
</kw>
<kw name="Run Keyword If" owner="BuiltIn">
<arg>'${status}'=='FAIL'</arg>
<arg>Click Element Via JS</arg>
<arg>${btn}</arg>
<doc>Runs the given keyword with the given arguments, if ``condition`` is true.</doc>
<status status="PASS" start="2026-01-09T15:11:11.896191" elapsed="0.000157"/>
</kw>
<arg>Se connecter</arg>
<doc>Clique un bouton par texte avec scroll + attente + fallback JS.</doc>
<status status="PASS" start="2026-01-09T15:11:11.505477" elapsed="0.390928"/>
</kw>
<arg>${PATIENT_EMAIL}</arg>
<arg>${PATIENT_PASSWORD}</arg>
<status status="PASS" start="2026-01-09T15:11:11.189188" elapsed="0.707260"/>
</kw>
<kw name="Expect Login Success Or Show Error" owner="login">
<kw name="Run Keyword And Return Status" owner="BuiltIn">
<kw name="Wait Until Element Is Visible" owner="SeleniumLibrary">
<arg>css:.user-name</arg>
<arg>5s</arg>
<doc>Waits until the element ``locator`` is visible.</doc>
<status status="PASS" start="2026-01-09T15:11:11.896995" elapsed="0.224073"/>
</kw>
<msg time="2026-01-09T15:11:12.121201" level="INFO">${ok} = True</msg>
<var>${ok}</var>
<arg>Wait Until Element Is Visible</arg>
<arg>css:.user-name</arg>
<arg>5s</arg>
<doc>Runs the given keyword with given arguments and returns the status as a Boolean value.</doc>
<status status="PASS" start="2026-01-09T15:11:11.896885" elapsed="0.224342"/>
</kw>
<if>
<branch type="IF" condition="${ok}">
<return>
<status status="PASS" start="2026-01-09T15:11:12.121428" elapsed="0.000094"/>
</return>
<status status="PASS" start="2026-01-09T15:11:12.121337" elapsed="0.000223"/>
</branch>
<status status="PASS" start="2026-01-09T15:11:12.121303" elapsed="0.000293"/>
</if>
<kw name="Run Keyword And Return Status" owner="BuiltIn">
<var>${hasAlert}</var>
<arg>Page Should Contain Element</arg>
<arg>css:div[role="alert"]</arg>
<doc>Runs the given keyword with given arguments and returns the status as a Boolean value.</doc>
<status status="NOT RUN" start="2026-01-09T15:11:12.121719" elapsed="0.000024"/>
</kw>
<if>
<branch type="IF" condition="${hasAlert}">
<kw name="Get Text" owner="SeleniumLibrary">
<var>${msg}</var>
<arg>css:div[role="alert"]</arg>
<doc>Returns the text value of the element identified by ``locator``.</doc>
<status status="NOT RUN" start="2026-01-09T15:11:12.121879" elapsed="0.000020"/>
</kw>
<kw name="Fail" owner="BuiltIn">
<arg>Login failed: ${msg}</arg>
<doc>Fails the test with the given message and optionally alters its tags.</doc>
<status status="NOT RUN" start="2026-01-09T15:11:12.121980" elapsed="0.000016"/>
</kw>
<status status="NOT RUN" start="2026-01-09T15:11:12.121799" elapsed="0.000222"/>
</branch>
<branch type="ELSE">
<kw name="Fail" owner="BuiltIn">
<arg>Login failed: no user-name and no alert.</arg>
<doc>Fails the test with the given message and optionally alters its tags.</doc>
<status status="NOT RUN" start="2026-01-09T15:11:12.122111" elapsed="0.000016"/>
</kw>
<status status="NOT RUN" start="2026-01-09T15:11:12.122048" elapsed="0.000103"/>
</branch>
<status status="NOT RUN" start="2026-01-09T15:11:12.121788" elapsed="0.000386"/>
</if>
<status status="PASS" start="2026-01-09T15:11:11.896702" elapsed="0.225516"/>
</kw>
<kw name="Open Search Page" owner="search">
<kw name="Go To Path" owner="common">
<kw name="Go To" owner="SeleniumLibrary">
<msg time="2026-01-09T15:11:12.122867" level="INFO">Opening url 'http://localhost:3000/search'</msg>
<arg>${BASE_URL}${path}</arg>
<doc>Navigates the current browser window to the provided ``url``.</doc>
<status status="PASS" start="2026-01-09T15:11:12.122749" elapsed="0.054899"/>
</kw>
<kw name="Wait Until Page Contains Element" owner="SeleniumLibrary">
<arg>xpath=//body</arg>
<arg>${TIMEOUT}</arg>
<doc>Waits until the element ``locator`` appears on the current page.</doc>
<status status="PASS" start="2026-01-09T15:11:12.177848" elapsed="0.007768"/>
</kw>
<arg>/search</arg>
<status status="PASS" start="2026-01-09T15:11:12.122592" elapsed="0.063119"/>
</kw>
<kw name="Wait Until Page Contains Element" owner="SeleniumLibrary">
<arg>id:specialty</arg>
<arg>${TIMEOUT}</arg>
<doc>Waits until the element ``locator`` appears on the current page.</doc>
<status status="PASS" start="2026-01-09T15:11:12.185824" elapsed="0.014263"/>
</kw>
<kw name="Wait Until Page Contains Element" owner="SeleniumLibrary">
<arg>id:city</arg>
<arg>${TIMEOUT}</arg>
<doc>Waits until the element ``locator`` appears on the current page.</doc>
<status status="PASS" start="2026-01-09T15:11:12.200258" elapsed="0.018460"/>
</kw>
<doc>Ouvre /search et attend un élément stable de la page.</doc>
<status status="PASS" start="2026-01-09T15:11:12.122390" elapsed="0.096424"/>
</kw>
<kw name="Search Practitioner" owner="search">
<kw name="Run Keyword And Return Status" owner="BuiltIn">
<kw name="Select From List By Label" owner="SeleniumLibrary">
<msg time="2026-01-09T15:11:12.219748" level="INFO">Selecting options from selection list 'id:specialty' by label Médecin généraliste.</msg>
<arg>id:specialty</arg>
<arg>${specialty}</arg>
<doc>Selects options from selection list ``locator`` by ``labels``.</doc>
<status status="PASS" start="2026-01-09T15:11:12.219596" elapsed="0.054187"/>
</kw>
<msg time="2026-01-09T15:11:12.273904" level="INFO">${ok} = True</msg>
<var>${ok}</var>
<arg>Select From List By Label</arg>
<arg>id:specialty</arg>
<arg>${specialty}</arg>
<doc>Runs the given keyword with given arguments and returns the status as a Boolean value.</doc>
<status status="PASS" start="2026-01-09T15:11:12.219461" elapsed="0.054466"/>
</kw>
<if>
<branch type="IF" condition="not ${ok}">
<kw name="Get List Items" owner="SeleniumLibrary">
<var>${opts}</var>
<arg>id:specialty</arg>
<doc>Returns all labels or values of selection list ``locator``.</doc>
<status status="NOT RUN" start="2026-01-09T15:11:12.274195" elapsed="0.000023"/>
</kw>
<kw name="Log" owner="BuiltIn">
<arg>Specialty '${specialty}' not found. Available: ${opts}</arg>
<arg>console=True</arg>
<doc>Logs the given message with the given level.</doc>
<status status="NOT RUN" start="2026-01-09T15:11:12.274303" elapsed="0.000017"/>
</kw>
<kw name="Select From List By Index" owner="SeleniumLibrary">
<arg>id:specialty</arg>
<arg>0</arg>
<doc>Selects options from selection list ``locator`` by ``indexes``.</doc>
<status status="NOT RUN" start="2026-01-09T15:11:12.274391" elapsed="0.000015"/>
</kw>
<status status="NOT RUN" start="2026-01-09T15:11:12.274007" elapsed="0.000422"/>
</branch>
<status status="PASS" start="2026-01-09T15:11:12.273984" elapsed="0.000472"/>
</if>
<kw name="Input Text" owner="SeleniumLibrary">
<msg time="2026-01-09T15:11:12.274729" level="INFO">Typing text 'Paris' into text field 'id:city'.</msg>
<arg>id:city</arg>
<arg>${city}</arg>
<doc>Types the given ``text`` into the text field identified by ``locator``.</doc>
<status status="PASS" start="2026-01-09T15:11:12.274513" elapsed="0.055619"/>
</kw>
<kw name="Click Button Contains Text" owner="common">
<kw name="Set Variable" owner="BuiltIn">
<msg time="2026-01-09T15:11:12.330774" level="INFO">${btn} = xpath=//button[contains(normalize-space(.), "Rechercher")]</msg>
<var>${btn}</var>
<arg>xpath=//button[contains(normalize-space(.), "${text}")]</arg>
<doc>Returns the given values which can then be assigned to a variables.</doc>
<status status="PASS" start="2026-01-09T15:11:12.330627" elapsed="0.000169"/>
</kw>
<kw name="Wait Until Element Is Visible" owner="SeleniumLibrary">
<arg>${btn}</arg>
<arg>${TIMEOUT}</arg>
<doc>Waits until the element ``locator`` is visible.</doc>
<status status="PASS" start="2026-01-09T15:11:12.330877" elapsed="0.013771"/>
</kw>
<kw name="Scroll Element Into View" owner="SeleniumLibrary">
<arg>${btn}</arg>
<doc>Scrolls the element identified by ``locator`` into view.</doc>
<status status="PASS" start="2026-01-09T15:11:12.344791" elapsed="0.277344"/>
</kw>
<kw name="Wait Until Keyword Succeeds" owner="BuiltIn">
<kw name="Element Should Be Enabled" owner="SeleniumLibrary">
<arg>${btn}</arg>
<doc>Verifies that element identified by ``locator`` is enabled.</doc>
<status status="PASS" start="2026-01-09T15:11:12.622845" elapsed="0.024292"/>
</kw>
<arg>10x</arg>
<arg>300ms</arg>
<arg>Element Should Be Enabled</arg>
<arg>${btn}</arg>
<doc>Runs the specified keyword and retries if it fails.</doc>
<status status="PASS" start="2026-01-09T15:11:12.622458" elapsed="0.024786"/>
</kw>
<kw name="Run Keyword And Ignore Error" owner="BuiltIn">
<kw name="Click Element" owner="SeleniumLibrary">
<msg time="2026-01-09T15:11:12.647820" level="INFO">Clicking element 'xpath=//button[contains(normalize-space(.), "Rechercher")]'.</msg>
<arg>${btn}</arg>
<doc>Click the element identified by ``locator``.</doc>
<status status="PASS" start="2026-01-09T15:11:12.647635" elapsed="0.046718"/>
</kw>
<msg time="2026-01-09T15:11:12.694475" level="INFO">${status} = PASS</msg>
<msg time="2026-01-09T15:11:12.694507" level="INFO">${msg} = None</msg>
<var>${status}</var>
<var>${msg}</var>
<arg>Click Element</arg>
<arg>${btn}</arg>
<doc>Runs the given keyword with the given arguments and ignores possible error.</doc>
<status status="PASS" start="2026-01-09T15:11:12.647439" elapsed="0.047084"/>
</kw>
<kw name="Run Keyword If" owner="BuiltIn">
<arg>'${status}'=='FAIL'</arg>
<arg>Click Element Via JS</arg>
<arg>${btn}</arg>
<doc>Runs the given keyword with the given arguments, if ``condition`` is true.</doc>
<status status="PASS" start="2026-01-09T15:11:12.694646" elapsed="0.000152"/>
</kw>
<arg>Rechercher</arg>
<doc>Clique un bouton par texte avec scroll + attente + fallback JS.</doc>
<status status="PASS" start="2026-01-09T15:11:12.330326" elapsed="0.364525"/>
</kw>
<arg>Médecin généraliste</arg>
<arg>Paris</arg>
<doc>Sélectionne une spécialité si elle existe, sinon fallback sur la 1ère option.</doc>
<status status="PASS" start="2026-01-09T15:11:12.219189" elapsed="0.475701"/>
</kw>
<kw name="Expect Results" owner="search">
<kw name="Wait Until Page Contains Element" owner="SeleniumLibrary">
<arg>css:a.practitioner-card</arg>
<arg>${TIMEOUT}</arg>
<doc>Waits until the element ``locator`` appears on the current page.</doc>
<status status="PASS" start="2026-01-09T15:11:12.695283" elapsed="0.224745"/>
</kw>
<status status="PASS" start="2026-01-09T15:11:12.695093" elapsed="0.225090"/>
</kw>
<kw name="Open First Practitioner" owner="search">
<kw name="Wait Until Page Contains Element" owner="SeleniumLibrary">
<arg>css:a.practitioner-card</arg>
<arg>${TIMEOUT}</arg>
<doc>Waits until the element ``locator`` appears on the current page.</doc>
<status status="PASS" start="2026-01-09T15:11:12.920826" elapsed="0.007761"/>
</kw>
<kw name="Click Element" owner="SeleniumLibrary">
<msg time="2026-01-09T15:11:12.928960" level="INFO">Clicking element 'css:a.practitioner-card'.</msg>
<arg>css:a.practitioner-card</arg>
<doc>Click the element identified by ``locator``.</doc>
<status status="PASS" start="2026-01-09T15:11:12.928778" elapsed="0.058736"/>
</kw>
<doc>Ouvre le premier résultat</doc>
<status status="PASS" start="2026-01-09T15:11:12.920488" elapsed="0.067122"/>
</kw>
<kw name="Select First Available Date" owner="PractitionerDetail">
<kw name="Wait Until Page Contains Element" owner="SeleniumLibrary">
<arg>css:button.day-btn</arg>
<arg>${TIMEOUT}</arg>
<doc>Waits until the element ``locator`` appears on the current page.</doc>
<status status="PASS" start="2026-01-09T15:11:12.988012" elapsed="0.218594"/>
</kw>
<kw name="Scroll Element Into View" owner="SeleniumLibrary">
<arg>css:button.day-btn</arg>
<doc>Scrolls the element identified by ``locator`` into view.</doc>
<status status="PASS" start="2026-01-09T15:11:13.206839" elapsed="0.271567"/>
</kw>
<kw name="Wait Until Page Contains Element" owner="SeleniumLibrary">
<arg>css:button.day-btn:not(.disabled):not([disabled])</arg>
<arg>${TIMEOUT}</arg>
<doc>Waits until the element ``locator`` appears on the current page.</doc>
<status status="PASS" start="2026-01-09T15:11:13.478744" elapsed="0.013360"/>
</kw>
<kw name="Click Element" owner="SeleniumLibrary">
<msg time="2026-01-09T15:11:13.492603" level="INFO">Clicking element 'css:button.day-btn:not(.disabled):not([disabled])'.</msg>
<arg>css:button.day-btn:not(.disabled):not([disabled])</arg>
<doc>Click the element identified by ``locator``.</doc>
<status status="PASS" start="2026-01-09T15:11:13.492357" elapsed="0.051753"/>
</kw>
<doc>Clique la 1ère date disponible (.day-btn non disabled)</doc>
<status status="PASS" start="2026-01-09T15:11:12.987817" elapsed="0.556487"/>
</kw>
<kw name="Select First Slot" owner="PractitionerDetail">
<kw name="Wait Until Page Contains Element" owner="SeleniumLibrary">
<arg>css:button.slot-btn</arg>
<arg>${TIMEOUT}</arg>
<doc>Waits until the element ``locator`` appears on the current page.</doc>
<status status="PASS" start="2026-01-09T15:11:13.544811" elapsed="0.008540"/>
</kw>
<kw name="Scroll Element Into View" owner="SeleniumLibrary">
<arg>css:button.slot-btn</arg>
<doc>Scrolls the element identified by ``locator`` into view.</doc>
<status status="PASS" start="2026-01-09T15:11:13.553498" elapsed="0.269083"/>
</kw>
<kw name="Click Element" owner="SeleniumLibrary">
<msg time="2026-01-09T15:11:13.823818" level="INFO">Clicking element 'css:button.slot-btn'.</msg>
<arg>css:button.slot-btn</arg>
<doc>Click the element identified by ``locator``.</doc>
<status status="PASS" start="2026-01-09T15:11:13.823165" elapsed="0.059966"/>
</kw>
<doc>Clique le 1er créneau disponible (.slot-btn)</doc>
<status status="PASS" start="2026-01-09T15:11:13.544585" elapsed="0.338650"/>
</kw>
<kw name="Confirm Appointment" owner="PractitionerDetail">
<kw name="Click Button Contains Text" owner="common">
<kw name="Set Variable" owner="BuiltIn">
<msg time="2026-01-09T15:11:13.884429" level="INFO">${btn} = xpath=//button[contains(normalize-space(.), "Confirmer le rendez-vous")]</msg>
<var>${btn}</var>
<arg>xpath=//button[contains(normalize-space(.), "${text}")]</arg>
<doc>Returns the given values which can then be assigned to a variables.</doc>
<status status="PASS" start="2026-01-09T15:11:13.884279" elapsed="0.000173"/>
</kw>
<kw name="Wait Until Element Is Visible" owner="SeleniumLibrary">
<arg>${btn}</arg>
<arg>${TIMEOUT}</arg>
<doc>Waits until the element ``locator`` is visible.</doc>
<status status="PASS" start="2026-01-09T15:11:13.884538" elapsed="0.013935"/>
</kw>
<kw name="Scroll Element Into View" owner="SeleniumLibrary">
<arg>${btn}</arg>
<doc>Scrolls the element identified by ``locator`` into view.</doc>
<status status="PASS" start="2026-01-09T15:11:13.898634" elapsed="0.274815"/>
</kw>
<kw name="Wait Until Keyword Succeeds" owner="BuiltIn">
<kw name="Element Should Be Enabled" owner="SeleniumLibrary">
<arg>${btn}</arg>
<doc>Verifies that element identified by ``locator`` is enabled.</doc>
<status status="PASS" start="2026-01-09T15:11:14.174686" elapsed="0.024804"/>
</kw>
<arg>10x</arg>
<arg>300ms</arg>
<arg>Element Should Be Enabled</arg>
<arg>${btn}</arg>
<doc>Runs the specified keyword and retries if it fails.</doc>
<status status="PASS" start="2026-01-09T15:11:14.174115" elapsed="0.025607"/>
</kw>
<kw name="Run Keyword And Ignore Error" owner="BuiltIn">
<kw name="Click Element" owner="SeleniumLibrary">
<msg time="2026-01-09T15:11:14.200322" level="INFO">Clicking element 'xpath=//button[contains(normalize-space(.), "Confirmer le rendez-vous")]'.</msg>
<arg>${btn}</arg>
<doc>Click the element identified by ``locator``.</doc>
<status status="PASS" start="2026-01-09T15:11:14.200118" elapsed="0.045069"/>
</kw>
<msg time="2026-01-09T15:11:14.245433" level="INFO">${status} = PASS</msg>
<msg time="2026-01-09T15:11:14.245576" level="INFO">${msg} = None</msg>
<var>${status}</var>
<var>${msg}</var>
<arg>Click Element</arg>
<arg>${btn}</arg>
<doc>Runs the given keyword with the given arguments and ignores possible error.</doc>
<status status="PASS" start="2026-01-09T15:11:14.199914" elapsed="0.045729"/>
</kw>
<kw name="Run Keyword If" owner="BuiltIn">
<arg>'${status}'=='FAIL'</arg>
<arg>Click Element Via JS</arg>
<arg>${btn}</arg>
<doc>Runs the given keyword with the given arguments, if ``condition`` is true.</doc>
<status status="PASS" start="2026-01-09T15:11:14.245814" elapsed="0.000434"/>
</kw>
<arg>Confirmer le rendez-vous</arg>
<doc>Clique un bouton par texte avec scroll + attente + fallback JS.</doc>
<status status="PASS" start="2026-01-09T15:11:13.883916" elapsed="0.362501"/>
</kw>
<status status="PASS" start="2026-01-09T15:11:13.883670" elapsed="0.362813"/>
</kw>
<kw name="Wait Until Page Contains" owner="SeleniumLibrary">
<arg>${APPT_CONFIRMED_TXT}</arg>
<arg>${TIMEOUT}</arg>
<doc>Waits until ``text`` appears on the current page.</doc>
<status status="PASS" start="2026-01-09T15:11:14.246682" elapsed="0.219172"/>
</kw>
<kw name="Expect Appointment Page" owner="appointments">
<kw name="Wait Until Page Contains" owner="SeleniumLibrary">
<arg>${APPT_PAGE_TITLE}</arg>
<arg>${TIMEOUT}</arg>
<doc>Waits until ``text`` appears on the current page.</doc>
<status status="PASS" start="2026-01-09T15:11:14.466284" elapsed="0.009209"/>
</kw>
<doc>Vérifie la page "Mes rendez-vous"</doc>
<status status="PASS" start="2026-01-09T15:11:14.466090" elapsed="0.009827"/>
</kw>
<kw name="Expect Appointment Listed" owner="appointments">
<kw name="Wait Until Page Contains Element" owner="SeleniumLibrary">
<arg>css:li.appointment-card.card</arg>
<arg>${TIMEOUT}</arg>
<doc>Waits until the element ``locator`` appears on the current page.</doc>
<status status="PASS" start="2026-01-09T15:11:14.476509" elapsed="0.040902"/>
</kw>
<status status="PASS" start="2026-01-09T15:11:14.476250" elapsed="0.041271"/>
</kw>
<status status="PASS" start="2026-01-09T15:11:11.118266" elapsed="3.399409"/>
</test>
<kw name="Close MediBook Browser" owner="common" type="TEARDOWN">
<kw name="Close All Browsers" owner="SeleniumLibrary">
<doc>Closes all open browsers and resets the browser cache.</doc>
<status status="PASS" start="2026-01-09T15:11:14.518322" elapsed="0.091330"/>
</kw>
<status status="PASS" start="2026-01-09T15:11:14.518153" elapsed="0.091587"/>
</kw>
<status status="PASS" start="2026-01-09T15:11:08.131443" elapsed="6.478327"/>
</suite>
<statistics>
<total>
<stat pass="1" fail="0" skip="0">All Tests</stat>
</total>
<tag>
</tag>
<suite>
<stat name="03 Appointment" id="s1" pass="1" fail="0" skip="0">03 Appointment</stat>
</suite>
</statistics>
<errors>
<msg time="2026-01-09T15:11:08.157480" level="WARN">Error in file '/Users/baptistejaeger/Documents/formation/ECF3/ecf-testeur-medibook/medibook-tests/resources/common.resource' on line 37: The '[Return]' setting is deprecated. Use the 'RETURN' statement instead.</msg>
<msg time="2026-01-09T15:11:08.157635" level="WARN">Error in file '/Users/baptistejaeger/Documents/formation/ECF3/ecf-testeur-medibook/medibook-tests/resources/common.resource' on line 47: The '[Return]' setting is deprecated. Use the 'RETURN' statement instead.</msg>
</errors>
</robot>
