<?xml version="1.0" encoding="UTF-8"?>
<robot generator="Robot 7.2 (Python 3.11.12 on darwin)" generated="2026-01-09T15:09:54.400297" rpa="false" schemaversion="5">
<suite id="s1" name="01 Registration" source="/Users/baptistejaeger/Documents/formation/ECF3/ecf-testeur-medibook/medibook-tests/tests/01_registration.robot">
<kw name="Open MediBook Browser" owner="common" type="SETUP">
<kw name="Create Chrome Options" owner="common">
<kw name="Evaluate" owner="BuiltIn">
<msg time="2026-01-09T15:09:54.554290" level="INFO">${chrome_options} = &lt;selenium.webdriver.chrome.options.Options object at 0x110c670d0&gt;</msg>
<var>${chrome_options}</var>
<arg>__import__("selenium.webdriver").webdriver.ChromeOptions()</arg>
<arg>selenium.webdriver</arg>
<doc>Evaluates the given expression in Python and returns the result.</doc>
<status status="PASS" start="2026-01-09T15:09:54.554053" elapsed="0.000270"/>
</kw>
<kw name="Run Keyword If" owner="BuiltIn">
<kw name="Call Method" owner="BuiltIn">
<arg>${chrome_options}</arg>
<arg>add_argument</arg>
<arg>--headless</arg>
<doc>Calls the named method of the given object with the provided arguments.</doc>
<status status="PASS" start="2026-01-09T15:09:54.554646" elapsed="0.000117"/>
</kw>
<arg>'${HEADLESS}'=='true'</arg>
<arg>Call Method</arg>
<arg>${chrome_options}</arg>
<arg>add_argument</arg>
<arg>--headless</arg>
<doc>Runs the given keyword with the given arguments, if ``condition`` is true.</doc>
<status status="PASS" start="2026-01-09T15:09:54.554450" elapsed="0.000375"/>
</kw>
<kw name="Call Method" owner="BuiltIn">
<arg>${chrome_options}</arg>
<arg>add_argument</arg>
<arg>--no-sandbox</arg>
<doc>Calls the named method of the given object with the provided arguments.</doc>
<status status="PASS" start="2026-01-09T15:09:54.554919" elapsed="0.000106"/>
</kw>
<kw name="Call Method" owner="BuiltIn">
<arg>${chrome_options}</arg>
<arg>add_argument</arg>
<arg>--disable-dev-shm-usage</arg>
<doc>Calls the named method of the given object with the provided arguments.</doc>
<status status="PASS" start="2026-01-09T15:09:54.555110" elapsed="0.000101"/>
</kw>
<return>
<value>${chrome_options}</value>
<status status="PASS" start="2026-01-09T15:09:54.555261" elapsed="0.000051"/>
</return>
<msg time="2026-01-09T15:09:54.555416" level="INFO">${options} = &lt;selenium.webdriver.chrome.options.Options object at 0x110c670d0&gt;</msg>
<var>${options}</var>
<status status="PASS" start="2026-01-09T15:09:54.553501" elapsed="0.001938"/>
</kw>
<kw name="Open Browser" owner="SeleniumLibrary">
<msg time="2026-01-09T15:09:54.555763" level="INFO">Opening browser 'chrome' to base url 'about:blank'.</msg>
<arg>about:blank</arg>
<arg>${BROWSER}</arg>
<arg>options=${options}</arg>
<doc>Opens a new browser instance to the optional ``url``.</doc>
<status status="PASS" start="2026-01-09T15:09:54.555556" elapsed="2.113837"/>
</kw>
<kw name="Set Selenium Timeout" owner="SeleniumLibrary">
<arg>${TIMEOUT}</arg>
<doc>Sets the timeout that is used by various keywords.</doc>
<status status="PASS" start="2026-01-09T15:09:56.669878" elapsed="0.001355"/>
</kw>
<kw name="Set Window Size" owner="SeleniumLibrary">
<arg>1400</arg>
<arg>900</arg>
<doc>Sets current windows size to given ``width`` and ``height``.</doc>
<status status="PASS" start="2026-01-09T15:09:56.671391" elapsed="0.019610"/>
</kw>
<kw name="Go To Path" owner="common">
<kw name="Go To" owner="SeleniumLibrary">
<msg time="2026-01-09T15:09:56.691626" level="INFO">Opening url 'http://localhost:3000/'</msg>
<arg>${BASE_URL}${path}</arg>
<doc>Navigates the current browser window to the provided ``url``.</doc>
<status status="PASS" start="2026-01-09T15:09:56.691473" elapsed="3.441038"/>
</kw>
<kw name="Wait Until Page Contains Element" owner="SeleniumLibrary">
<arg>xpath=//body</arg>
<arg>${TIMEOUT}</arg>
<doc>Waits until the element ``locator`` appears on the current page.</doc>
<status status="PASS" start="2026-01-09T15:10:00.132869" elapsed="0.016732"/>
</kw>
<arg>/</arg>
<status status="PASS" start="2026-01-09T15:09:56.691224" elapsed="3.458480"/>
</kw>
<kw name="Reset Browser State" owner="common">
<kw name="Delete All Cookies" owner="SeleniumLibrary">
<doc>Deletes all cookies.</doc>
<status status="PASS" start="2026-01-09T15:10:00.150439" elapsed="0.005326"/>
</kw>
<kw name="Execute Javascript" owner="SeleniumLibrary">
<msg time="2026-01-09T15:10:00.156349" level="INFO">Executing JavaScript:
window.localStorage.clear();
Without any arguments.</msg>
<arg>window.localStorage.clear();</arg>
<doc>Executes the given JavaScript code with possible arguments.</doc>
<status status="PASS" start="2026-01-09T15:10:00.155983" elapsed="0.004346"/>
</kw>
<kw name="Execute Javascript" owner="SeleniumLibrary">
<msg time="2026-01-09T15:10:00.160740" level="INFO">Executing JavaScript:
window.sessionStorage.clear();
Without any arguments.</msg>
<arg>window.sessionStorage.clear();</arg>
<doc>Executes the given JavaScript code with possible arguments.</doc>
<status status="PASS" start="2026-01-09T15:10:00.160479" elapsed="0.004752"/>
</kw>
<kw name="Reload Page" owner="SeleniumLibrary">
<doc>Simulates user reloading page.</doc>
<status status="PASS" start="2026-01-09T15:10:00.165379" elapsed="0.072065"/>
</kw>
<doc>Supprime cookies + local/session storage pour éviter d'être déjà connecté.</doc>
<status status="PASS" start="2026-01-09T15:10:00.150144" elapsed="0.087394"/>
</kw>
<status status="PASS" start="2026-01-09T15:09:54.553255" elapsed="5.684332"/>
</kw>
<test id="s1-t1" name="Inscription réussie" line="12">
<kw name="Reset Browser State" owner="common" type="SETUP">
<kw name="Delete All Cookies" owner="SeleniumLibrary">
<doc>Deletes all cookies.</doc>
<status status="PASS" start="2026-01-09T15:10:00.238571" elapsed="0.005223"/>
</kw>
<kw name="Execute Javascript" owner="SeleniumLibrary">
<msg time="2026-01-09T15:10:00.244635" level="INFO">Executing JavaScript:
window.localStorage.clear();
Without any arguments.</msg>
<arg>window.localStorage.clear();</arg>
<doc>Executes the given JavaScript code with possible arguments.</doc>
<status status="PASS" start="2026-01-09T15:10:00.244083" elapsed="0.012189"/>
</kw>
<kw name="Execute Javascript" owner="SeleniumLibrary">
<msg time="2026-01-09T15:10:00.256711" level="INFO">Executing JavaScript:
window.sessionStorage.clear();
Without any arguments.</msg>
<arg>window.sessionStorage.clear();</arg>
<doc>Executes the given JavaScript code with possible arguments.</doc>
<status status="PASS" start="2026-01-09T15:10:00.256422" elapsed="0.003705"/>
</kw>
<kw name="Reload Page" owner="SeleniumLibrary">
<doc>Simulates user reloading page.</doc>
<status status="PASS" start="2026-01-09T15:10:00.260279" elapsed="0.047500"/>
</kw>
<doc>Supprime cookies + local/session storage pour éviter d'être déjà connecté.</doc>
<status status="PASS" start="2026-01-09T15:10:00.238369" elapsed="0.069505"/>
</kw>
<kw name="Open Register Page" owner="register">
<kw name="Go To Path" owner="common">
<kw name="Go To" owner="SeleniumLibrary">
<msg time="2026-01-09T15:10:00.309141" level="INFO">Opening url 'http://localhost:3000/register'</msg>
<arg>${BASE_URL}${path}</arg>
<doc>Navigates the current browser window to the provided ``url``.</doc>
<status status="PASS" start="2026-01-09T15:10:00.308991" elapsed="0.055173"/>
</kw>
<kw name="Wait Until Page Contains Element" owner="SeleniumLibrary">
<arg>xpath=//body</arg>
<arg>${TIMEOUT}</arg>
<doc>Waits until the element ``locator`` appears on the current page.</doc>
<status status="PASS" start="2026-01-09T15:10:00.364405" elapsed="0.005838"/>
</kw>
<arg>/register</arg>
<status status="PASS" start="2026-01-09T15:10:00.308743" elapsed="0.061588"/>
</kw>
<kw name="Wait Until Page Contains" owner="SeleniumLibrary">
<arg>Créer un compte</arg>
<arg>${TIMEOUT}</arg>
<doc>Waits until ``text`` appears on the current page.</doc>
<status status="PASS" start="2026-01-09T15:10:00.370437" elapsed="0.011342"/>
</kw>
<status status="PASS" start="2026-01-09T15:10:00.308176" elapsed="0.073758"/>
</kw>
<kw name="Generate Unique Email" owner="common">
<kw name="Generate Random String" owner="String">
<msg time="2026-01-09T15:10:00.382730" level="INFO">${rand} = 6sc2Jbua</msg>
<var>${rand}</var>
<arg>8</arg>
<arg>[LETTERS][NUMBERS]</arg>
<doc>Generates a string with a desired ``length`` from the given ``chars``.</doc>
<status status="PASS" start="2026-01-09T15:10:00.382501" elapsed="0.000406"/>
</kw>
<kw name="Set Variable" owner="BuiltIn">
<msg time="2026-01-09T15:10:00.383186" level="INFO">${email} = test.auto+6sc2Jbua@email.com</msg>
<var>${email}</var>
<arg>test.auto+${rand}@email.com</arg>
<doc>Returns the given values which can then be assigned to a variables.</doc>
<status status="PASS" start="2026-01-09T15:10:00.383029" elapsed="0.000179"/>
</kw>
<return>
<value>${email}</value>
<status status="PASS" start="2026-01-09T15:10:00.383251" elapsed="0.000072"/>
</return>
<msg time="2026-01-09T15:10:00.383417" level="INFO">${email} = test.auto+6sc2Jbua@email.com</msg>
<var>${email}</var>
<status status="PASS" start="2026-01-09T15:10:00.382260" elapsed="0.001174"/>
</kw>
<kw name="Log To Console" owner="BuiltIn">
<arg>${email}</arg>
<doc>Logs the given message to the console.</doc>
<status status="PASS" start="2026-01-09T15:10:00.383541" elapsed="0.000132"/>
</kw>
<kw name="Register Patient" owner="register">
<kw name="Input Text" owner="SeleniumLibrary">
<msg time="2026-01-09T15:10:00.384104" level="INFO">Typing text 'Test' into text field 'id:firstName'.</msg>
<arg>id:firstName</arg>
<arg>${first}</arg>
<doc>Types the given ``text`` into the text field identified by ``locator``.</doc>
<status status="PASS" start="2026-01-09T15:10:00.383979" elapsed="0.174567"/>
</kw>
<kw name="Input Text" owner="SeleniumLibrary">
<msg time="2026-01-09T15:10:00.558955" level="INFO">Typing text 'Automatise' into text field 'id:lastName'.</msg>
<arg>id:lastName</arg>
<arg>${last}</arg>
<doc>Types the given ``text`` into the text field identified by ``locator``.</doc>
<status status="PASS" start="2026-01-09T15:10:00.558703" elapsed="0.058366"/>
</kw>
<kw name="Input Text" owner="SeleniumLibrary">
<msg time="2026-01-09T15:10:00.617397" level="INFO">Typing text 'test.auto+6sc2Jbua@email.com' into text field 'id:email'.</msg>
<arg>id:email</arg>
<arg>${email}</arg>
<doc>Types the given ``text`` into the text field identified by ``locator``.</doc>
<status status="PASS" start="2026-01-09T15:10:00.617219" elapsed="0.071950"/>
</kw>
<kw name="Input Text" owner="SeleniumLibrary">
<msg time="2026-01-09T15:10:00.689487" level="INFO">Typing text 'Password123!' into text field 'id:password'.</msg>
<arg>id:password</arg>
<arg>${password}</arg>
<doc>Types the given ``text`` into the text field identified by ``locator``.</doc>
<status status="PASS" start="2026-01-09T15:10:00.689314" elapsed="0.136068"/>
</kw>
<kw name="Input Text" owner="SeleniumLibrary">
<msg time="2026-01-09T15:10:00.825710" level="INFO">Typing text 'Password123!' into text field 'id:confirmPassword'.</msg>
<arg>id:confirmPassword</arg>
<arg>${password}</arg>
<doc>Types the given ``text`` into the text field identified by ``locator``.</doc>
<status status="PASS" start="2026-01-09T15:10:00.825535" elapsed="0.055679"/>
</kw>
<kw name="Click Element" owner="SeleniumLibrary">
<msg time="2026-01-09T15:10:00.881670" level="INFO">Clicking element 'css:input[name="acceptTerms"]'.</msg>
<arg>css:input[name="acceptTerms"]</arg>
<doc>Click the element identified by ``locator``.</doc>
<status status="PASS" start="2026-01-09T15:10:00.881411" elapsed="0.057577"/>
</kw>
<kw name="Click Button Contains Text" owner="common">
<kw name="Set Variable" owner="BuiltIn">
<msg time="2026-01-09T15:10:00.939538" level="INFO">${btn} = xpath=//button[contains(normalize-space(.), "Créer mon compte")]</msg>
<var>${btn}</var>
<arg>xpath=//button[contains(normalize-space(.), "${text}")]</arg>
<doc>Returns the given values which can then be assigned to a variables.</doc>
<status status="PASS" start="2026-01-09T15:10:00.939396" elapsed="0.000165"/>
</kw>
<kw name="Wait Until Element Is Visible" owner="SeleniumLibrary">
<arg>${btn}</arg>
<arg>${TIMEOUT}</arg>
<doc>Waits until the element ``locator`` is visible.</doc>
<status status="PASS" start="2026-01-09T15:10:00.939638" elapsed="0.018143"/>
</kw>
<kw name="Scroll Element Into View" owner="SeleniumLibrary">
<arg>${btn}</arg>
<doc>Scrolls the element identified by ``locator`` into view.</doc>
<status status="PASS" start="2026-01-09T15:10:00.957918" elapsed="0.281461"/>
</kw>
<kw name="Wait Until Keyword Succeeds" owner="BuiltIn">
<kw name="Element Should Be Enabled" owner="SeleniumLibrary">
<arg>${btn}</arg>
<doc>Verifies that element identified by ``locator`` is enabled.</doc>
<status status="PASS" start="2026-01-09T15:10:01.240682" elapsed="0.031554"/>
</kw>
<arg>10x</arg>
<arg>300ms</arg>
<arg>Element Should Be Enabled</arg>
<arg>${btn}</arg>
<doc>Runs the specified keyword and retries if it fails.</doc>
<status status="PASS" start="2026-01-09T15:10:01.240065" elapsed="0.032272"/>
</kw>
<kw name="Run Keyword And Ignore Error" owner="BuiltIn">
<kw name="Click Element" owner="SeleniumLibrary">
<msg time="2026-01-09T15:10:01.272910" level="INFO">Clicking element 'xpath=//button[contains(normalize-space(.), "Créer mon compte")]'.</msg>
<arg>${btn}</arg>
<doc>Click the element identified by ``locator``.</doc>
<status status="PASS" start="2026-01-09T15:10:01.272715" elapsed="0.053042"/>
</kw>
<msg time="2026-01-09T15:10:01.325888" level="INFO">${status} = PASS</msg>
<msg time="2026-01-09T15:10:01.325926" level="INFO">${msg} = None</msg>
<var>${status}</var>
<var>${msg}</var>
<arg>Click Element</arg>
<arg>${btn}</arg>
<doc>Runs the given keyword with the given arguments and ignores possible error.</doc>
<status status="PASS" start="2026-01-09T15:10:01.272508" elapsed="0.053434"/>
</kw>
<kw name="Run Keyword If" owner="BuiltIn">
<arg>'${status}'=='FAIL'</arg>
<arg>Click Element Via JS</arg>
<arg>${btn}</arg>
<doc>Runs the given keyword with the given arguments, if ``condition`` is true.</doc>
<status status="PASS" start="2026-01-09T15:10:01.326063" elapsed="0.000156"/>
</kw>
<arg>Créer mon compte</arg>
<doc>Clique un bouton par texte avec scroll + attente + fallback JS.</doc>
<status status="PASS" start="2026-01-09T15:10:00.939178" elapsed="0.387091"/>
</kw>
<arg>Test</arg>
<arg>Automatise</arg>
<arg>${email}</arg>
<arg>Password123!</arg>
<status status="PASS" start="2026-01-09T15:10:00.383791" elapsed="0.942516"/>
</kw>
<kw name="Expect Registration Success Or Show Error" owner="register">
<kw name="Run Keyword And Return Status" owner="BuiltIn">
<kw name="Wait Until Location Is" owner="SeleniumLibrary">
<arg>${BASE_URL}/</arg>
<arg>8s</arg>
<doc>Waits until the current URL is ``expected``.</doc>
<status status="PASS" start="2026-01-09T15:10:01.326791" elapsed="0.210134"/>
</kw>
<msg time="2026-01-09T15:10:01.537031" level="INFO">${ok} = True</msg>
<var>${ok}</var>
<arg>Wait Until Location Is</arg>
<arg>${BASE_URL}/</arg>
<arg>8s</arg>
<doc>Runs the given keyword with given arguments and returns the status as a Boolean value.</doc>
<status status="PASS" start="2026-01-09T15:10:01.326684" elapsed="0.210369"/>
</kw>
<if>
<branch type="IF" condition="${ok}">
<kw name="Validate Logged In User" owner="register">
<kw name="Wait Until Element Is Visible" owner="SeleniumLibrary">
<arg>css:.user-name</arg>
<arg>${TIMEOUT}</arg>
<doc>Waits until the element ``locator`` is visible.</doc>
<status status="PASS" start="2026-01-09T15:10:01.537540" elapsed="0.013634"/>
</kw>
<kw name="Element Should Contain" owner="SeleniumLibrary">
<msg time="2026-01-09T15:10:01.567210" level="INFO">Element 'css:.user-name' contains text 'Test'.</msg>
<arg>css:.user-name</arg>
<arg>${firstName}</arg>
<doc>Verifies that element ``locator`` contains text ``expected``.</doc>
<status status="PASS" start="2026-01-09T15:10:01.551308" elapsed="0.015985"/>
</kw>
<arg>${firstName}</arg>
<status status="PASS" start="2026-01-09T15:10:01.537336" elapsed="0.030037"/>
</kw>
<status status="PASS" start="2026-01-09T15:10:01.537175" elapsed="0.030227"/>
</branch>
<branch type="ELSE">
<kw name="Log Registration Error And Fail" owner="register">
<doc>Log l'erreur UI si présente puis échoue.</doc>
<status status="NOT RUN" start="2026-01-09T15:10:01.567649" elapsed="0.000027"/>
</kw>
<status status="NOT RUN" start="2026-01-09T15:10:01.567445" elapsed="0.000259"/>
</branch>
<status status="PASS" start="2026-01-09T15:10:01.537152" elapsed="0.030627"/>
</if>
<arg>Test</arg>
<status status="PASS" start="2026-01-09T15:10:01.326496" elapsed="0.241326"/>
</kw>
<kw name="Reset Browser State" owner="common" type="TEARDOWN">
<kw name="Delete All Cookies" owner="SeleniumLibrary">
<doc>Deletes all cookies.</doc>
<status status="PASS" start="2026-01-09T15:10:01.568349" elapsed="0.002780"/>
</kw>
<kw name="Execute Javascript" owner="SeleniumLibrary">
<msg time="2026-01-09T15:10:01.571495" level="INFO">Executing JavaScript:
window.localStorage.clear();
Without any arguments.</msg>
<arg>window.localStorage.clear();</arg>
<doc>Executes the given JavaScript code with possible arguments.</doc>
<status status="PASS" start="2026-01-09T15:10:01.571238" elapsed="0.002257"/>
</kw>
<kw name="Execute Javascript" owner="SeleniumLibrary">
<msg time="2026-01-09T15:10:01.573802" level="INFO">Executing JavaScript:
window.sessionStorage.clear();
Without any arguments.</msg>
<arg>window.sessionStorage.clear();</arg>
<doc>Executes the given JavaScript code with possible arguments.</doc>
<status status="PASS" start="2026-01-09T15:10:01.573585" elapsed="0.002510"/>
</kw>
<kw name="Reload Page" owner="SeleniumLibrary">
<doc>Simulates user reloading page.</doc>
<status status="PASS" start="2026-01-09T15:10:01.576215" elapsed="0.008238"/>
</kw>
<doc>Supprime cookies + local/session storage pour éviter d'être déjà connecté.</doc>
<status status="PASS" start="2026-01-09T15:10:01.568135" elapsed="0.016438"/>
</kw>
<status status="PASS" start="2026-01-09T15:10:00.237689" elapsed="1.347113"/>
</test>
<test id="s1-t2" name="Inscription échouée - Email déjà utilisé" line="19">
<kw name="Reset Browser State" owner="common" type="SETUP">
<kw name="Delete All Cookies" owner="SeleniumLibrary">
<doc>Deletes all cookies.</doc>
<status status="PASS" start="2026-01-09T15:10:01.585834" elapsed="0.036194"/>
</kw>
<kw name="Execute Javascript" owner="SeleniumLibrary">
<msg time="2026-01-09T15:10:01.622488" level="INFO">Executing JavaScript:
window.localStorage.clear();
Without any arguments.</msg>
<arg>window.localStorage.clear();</arg>
<doc>Executes the given JavaScript code with possible arguments.</doc>
<status status="PASS" start="2026-01-09T15:10:01.622183" elapsed="0.003908"/>
</kw>
<kw name="Execute Javascript" owner="SeleniumLibrary">
<msg time="2026-01-09T15:10:01.626630" level="INFO">Executing JavaScript:
window.sessionStorage.clear();
Without any arguments.</msg>
<arg>window.sessionStorage.clear();</arg>
<doc>Executes the given JavaScript code with possible arguments.</doc>
<status status="PASS" start="2026-01-09T15:10:01.626282" elapsed="0.007492"/>
</kw>
<kw name="Reload Page" owner="SeleniumLibrary">
<doc>Simulates user reloading page.</doc>
<status status="PASS" start="2026-01-09T15:10:01.633915" elapsed="0.006548"/>
</kw>
<doc>Supprime cookies + local/session storage pour éviter d'être déjà connecté.</doc>
<status status="PASS" start="2026-01-09T15:10:01.585633" elapsed="0.054925"/>
</kw>
<kw name="Open Register Page" owner="register">
<kw name="Go To Path" owner="common">
<kw name="Go To" owner="SeleniumLibrary">
<msg time="2026-01-09T15:10:01.641952" level="INFO">Opening url 'http://localhost:3000/register'</msg>
<arg>${BASE_URL}${path}</arg>
<doc>Navigates the current browser window to the provided ``url``.</doc>
<status status="PASS" start="2026-01-09T15:10:01.641762" elapsed="0.067524"/>
</kw>
<kw name="Wait Until Page Contains Element" owner="SeleniumLibrary">
<arg>xpath=//body</arg>
<arg>${TIMEOUT}</arg>
<doc>Waits until the element ``locator`` appears on the current page.</doc>
<status status="PASS" start="2026-01-09T15:10:01.709722" elapsed="0.007111"/>
</kw>
<arg>/register</arg>
<status status="PASS" start="2026-01-09T15:10:01.641228" elapsed="0.075695"/>
</kw>
<kw name="Wait Until Page Contains" owner="SeleniumLibrary">
<arg>Créer un compte</arg>
<arg>${TIMEOUT}</arg>
<doc>Waits until ``text`` appears on the current page.</doc>
<status status="PASS" start="2026-01-09T15:10:01.717039" elapsed="0.007382"/>
</kw>
<status status="PASS" start="2026-01-09T15:10:01.640815" elapsed="0.083695"/>
</kw>
<kw name="Register Patient" owner="register">
<kw name="Input Text" owner="SeleniumLibrary">
<msg time="2026-01-09T15:10:01.725193" level="INFO">Typing text 'Test' into text field 'id:firstName'.</msg>
<arg>id:firstName</arg>
<arg>${first}</arg>
<doc>Types the given ``text`` into the text field identified by ``locator``.</doc>
<status status="PASS" start="2026-01-09T15:10:01.725029" elapsed="0.064999"/>
</kw>
<kw name="Input Text" owner="SeleniumLibrary">
<msg time="2026-01-09T15:10:01.790591" level="INFO">Typing text 'Automatise' into text field 'id:lastName'.</msg>
<arg>id:lastName</arg>
<arg>${last}</arg>
<doc>Types the given ``text`` into the text field identified by ``locator``.</doc>
<status status="PASS" start="2026-01-09T15:10:01.790185" elapsed="0.076853"/>
</kw>
<kw name="Input Text" owner="SeleniumLibrary">
<msg time="2026-01-09T15:10:01.867444" level="INFO">Typing text 'jean.dupont@email.com' into text field 'id:email'.</msg>
<arg>id:email</arg>
<arg>${email}</arg>
<doc>Types the given ``text`` into the text field identified by ``locator``.</doc>
<status status="PASS" start="2026-01-09T15:10:01.867207" elapsed="0.134805"/>
</kw>
<kw name="Input Text" owner="SeleniumLibrary">
<msg time="2026-01-09T15:10:02.002424" level="INFO">Typing text 'Password123!' into text field 'id:password'.</msg>
<arg>id:password</arg>
<arg>${password}</arg>
<doc>Types the given ``text`` into the text field identified by ``locator``.</doc>
<status status="PASS" start="2026-01-09T15:10:02.002203" elapsed="0.091548"/>
</kw>
<kw name="Input Text" owner="SeleniumLibrary">
<msg time="2026-01-09T15:10:02.094467" level="INFO">Typing text 'Password123!' into text field 'id:confirmPassword'.</msg>
<arg>id:confirmPassword</arg>
<arg>${password}</arg>
<doc>Types the given ``text`` into the text field identified by ``locator``.</doc>
<status status="PASS" start="2026-01-09T15:10:02.094149" elapsed="0.143343"/>
</kw>
<kw name="Click Element" owner="SeleniumLibrary">
<msg time="2026-01-09T15:10:02.238068" level="INFO">Clicking element 'css:input[name="acceptTerms"]'.</msg>
<arg>css:input[name="acceptTerms"]</arg>
<doc>Click the element identified by ``locator``.</doc>
<status status="PASS" start="2026-01-09T15:10:02.237757" elapsed="0.085320"/>
</kw>
<kw name="Click Button Contains Text" owner="common">
<kw name="Set Variable" owner="BuiltIn">
<msg time="2026-01-09T15:10:02.323961" level="INFO">${btn} = xpath=//button[contains(normalize-space(.), "Créer mon compte")]</msg>
<var>${btn}</var>
<arg>xpath=//button[contains(normalize-space(.), "${text}")]</arg>
<doc>Returns the given values which can then be assigned to a variables.</doc>
<status status="PASS" start="2026-01-09T15:10:02.323727" elapsed="0.000273"/>
</kw>
<kw name="Wait Until Element Is Visible" owner="SeleniumLibrary">
<arg>${btn}</arg>
<arg>${TIMEOUT}</arg>
<doc>Waits until the element ``locator`` is visible.</doc>
<status status="PASS" start="2026-01-09T15:10:02.324138" elapsed="0.019143"/>
</kw>
<kw name="Scroll Element Into View" owner="SeleniumLibrary">
<arg>${btn}</arg>
<doc>Scrolls the element identified by ``locator`` into view.</doc>
<status status="PASS" start="2026-01-09T15:10:02.343475" elapsed="0.278006"/>
</kw>
<kw name="Wait Until Keyword Succeeds" owner="BuiltIn">
<kw name="Element Should Be Enabled" owner="SeleniumLibrary">
<arg>${btn}</arg>
<doc>Verifies that element identified by ``locator`` is enabled.</doc>
<status status="PASS" start="2026-01-09T15:10:02.622584" elapsed="0.023717"/>
</kw>
<arg>10x</arg>
<arg>300ms</arg>
<arg>Element Should Be Enabled</arg>
<arg>${btn}</arg>
<doc>Runs the specified keyword and retries if it fails.</doc>
<status status="PASS" start="2026-01-09T15:10:02.622071" elapsed="0.024356"/>
</kw>
<kw name="Run Keyword And Ignore Error" owner="BuiltIn">
<kw name="Click Element" owner="SeleniumLibrary">
<msg time="2026-01-09T15:10:02.647292" level="INFO">Clicking element 'xpath=//button[contains(normalize-space(.), "Créer mon compte")]'.</msg>
<arg>${btn}</arg>
<doc>Click the element identified by ``locator``.</doc>
<status status="PASS" start="2026-01-09T15:10:02.647045" elapsed="0.041906"/>
</kw>
<msg time="2026-01-09T15:10:02.689167" level="INFO">${status} = PASS</msg>
<msg time="2026-01-09T15:10:02.689205" level="INFO">${msg} = None</msg>
<var>${status}</var>
<var>${msg}</var>
<arg>Click Element</arg>
<arg>${btn}</arg>
<doc>Runs the given keyword with the given arguments and ignores possible error.</doc>
<status status="PASS" start="2026-01-09T15:10:02.646777" elapsed="0.042446"/>
</kw>
<kw name="Run Keyword If" owner="BuiltIn">
<arg>'${status}'=='FAIL'</arg>
<arg>Click Element Via JS</arg>
<arg>${btn}</arg>
<doc>Runs the given keyword with the given arguments, if ``condition`` is true.</doc>
<status status="PASS" start="2026-01-09T15:10:02.689365" elapsed="0.000165"/>
</kw>
<arg>Créer mon compte</arg>
<doc>Clique un bouton par texte avec scroll + attente + fallback JS.</doc>
<status status="PASS" start="2026-01-09T15:10:02.323377" elapsed="0.366329"/>
</kw>
<arg>Test</arg>
<arg>Automatise</arg>
<arg>${PATIENT_EMAIL}</arg>
<arg>Password123!</arg>
<status status="PASS" start="2026-01-09T15:10:01.724700" elapsed="0.965085"/>
</kw>
<kw name="Wait Alert Error Contains" owner="common">
<kw name="Wait Until Page Contains Element" owner="SeleniumLibrary">
<arg>xpath=//div[@role="alert" and contains(@class,"alert-error")]</arg>
<arg>${TIMEOUT}</arg>
<doc>Waits until the element ``locator`` appears on the current page.</doc>
<status status="PASS" start="2026-01-09T15:10:02.690298" elapsed="0.220941"/>
</kw>
<kw name="Page Should Contain" owner="SeleniumLibrary">
<msg time="2026-01-09T15:10:02.923566" level="INFO">Current page contains text 'Un compte existe déjà avec cet email'.</msg>
<arg>${text}</arg>
<doc>Verifies that current page contains ``text``.</doc>
<status status="PASS" start="2026-01-09T15:10:02.911491" elapsed="0.012152"/>
</kw>
<arg>Un compte existe déjà avec cet email</arg>
<status status="PASS" start="2026-01-09T15:10:02.689962" elapsed="0.233753"/>
</kw>
<kw name="Reset Browser State" owner="common" type="TEARDOWN">
<kw name="Delete All Cookies" owner="SeleniumLibrary">
<doc>Deletes all cookies.</doc>
<status status="PASS" start="2026-01-09T15:10:02.924138" elapsed="0.002628"/>
</kw>
<kw name="Execute Javascript" owner="SeleniumLibrary">
<msg time="2026-01-09T15:10:02.927096" level="INFO">Executing JavaScript:
window.localStorage.clear();
Without any arguments.</msg>
<arg>window.localStorage.clear();</arg>
<doc>Executes the given JavaScript code with possible arguments.</doc>
<status status="PASS" start="2026-01-09T15:10:02.926852" elapsed="0.002662"/>
</kw>
<kw name="Execute Javascript" owner="SeleniumLibrary">
<msg time="2026-01-09T15:10:02.929807" level="INFO">Executing JavaScript:
window.sessionStorage.clear();
Without any arguments.</msg>
<arg>window.sessionStorage.clear();</arg>
<doc>Executes the given JavaScript code with possible arguments.</doc>
<status status="PASS" start="2026-01-09T15:10:02.929598" elapsed="0.003221"/>
</kw>
<kw name="Reload Page" owner="SeleniumLibrary">
<doc>Simulates user reloading page.</doc>
<status status="PASS" start="2026-01-09T15:10:02.932938" elapsed="0.041754"/>
</kw>
<doc>Supprime cookies + local/session storage pour éviter d'être déjà connecté.</doc>
<status status="PASS" start="2026-01-09T15:10:02.923952" elapsed="0.051107"/>
</kw>
<status status="PASS" start="2026-01-09T15:10:01.585233" elapsed="1.389991"/>
</test>
<kw name="Close MediBook Browser" owner="common" type="TEARDOWN">
<kw name="Close All Browsers" owner="SeleniumLibrary">
<doc>Closes all open browsers and resets the browser cache.</doc>
<status status="PASS" start="2026-01-09T15:10:02.976279" elapsed="0.075773"/>
</kw>
<status status="PASS" start="2026-01-09T15:10:02.976097" elapsed="0.076042"/>
</kw>
<status status="PASS" start="2026-01-09T15:09:54.401211" elapsed="8.650959"/>
</suite>
<statistics>
<total>
<stat pass="2" fail="0" skip="0">All Tests</stat>
</total>
<tag>
</tag>
<suite>
<stat name="01 Registration" id="s1" pass="2" fail="0" skip="0">01 Registration</stat>
</suite>
</statistics>
<errors>
<msg time="2026-01-09T15:09:54.429364" level="WARN">Error in file '/Users/baptistejaeger/Documents/formation/ECF3/ecf-testeur-medibook/medibook-tests/resources/common.resource' on line 37: The '[Return]' setting is deprecated. Use the 'RETURN' statement instead.</msg>
<msg time="2026-01-09T15:09:54.429512" level="WARN">Error in file '/Users/baptistejaeger/Documents/formation/ECF3/ecf-testeur-medibook/medibook-tests/resources/common.resource' on line 47: The '[Return]' setting is deprecated. Use the 'RETURN' statement instead.</msg>
</errors>
</robot>
